<?xml version="1.0" encoding="UTF-8"?>
<testng-results ignored="0" total="5" passed="5" failed="0" skipped="0">
  <reporter-output>
  </reporter-output>
  <suite started-at="2021-01-20T11:15:10 IST" name="Default suite" finished-at="2021-01-20T11:17:19 IST" duration-ms="128732">
    <groups>
    </groups>
    <test started-at="2021-01-20T11:15:10 IST" name="Default test" finished-at="2021-01-20T11:17:19 IST" duration-ms="128732">
      <class name="com.nlt.test.EDXTest">
        <test-method is-config="true" signature="setUp()[pri:0, instance:com.nlt.test.EDXTest@865dd6]" started-at="2021-01-20T11:15:10 IST" name="setUp" finished-at="2021-01-20T11:15:10 IST" duration-ms="400" status="PASS">
          <reporter-output>
          </reporter-output>
        </test-method> <!-- setUp -->
        <test-method is-config="true" signature="DriverSetup()[pri:0, instance:com.nlt.test.EDXTest@865dd6]" started-at="2021-01-20T11:15:10 IST" name="DriverSetup" finished-at="2021-01-20T11:16:08 IST" duration-ms="58022" status="PASS">
          <reporter-output>
          </reporter-output>
        </test-method> <!-- DriverSetup -->
        <test-method signature="SearchTest()[pri:1, instance:com.nlt.test.EDXTest@865dd6]" started-at="2021-01-20T11:16:08 IST" name="SearchTest" finished-at="2021-01-20T11:16:09 IST" duration-ms="1323" status="PASS">
          <reporter-output>
          </reporter-output>
        </test-method> <!-- SearchTest -->
        <test-method is-config="true" signature="getResult(org.testng.ITestResult)[pri:0, instance:com.nlt.test.EDXTest@865dd6]" started-at="2021-01-20T11:16:09 IST" name="getResult" finished-at="2021-01-20T11:16:09 IST" duration-ms="14" status="PASS">
          <params>
            <param index="0">
              <value>
                <![CDATA[[TestResult name=SearchTest status=SUCCESS method=EDXTest.SearchTest()[pri:1, instance:com.nlt.test.EDXTest@865dd6] output={null}]]]>
              </value>
            </param>
          </params>
          <reporter-output>
          </reporter-output>
        </test-method> <!-- getResult -->
        <test-method signature="registerButtonTest()[pri:2, instance:com.nlt.test.EDXTest@865dd6]" started-at="2021-01-20T11:16:09 IST" name="registerButtonTest" finished-at="2021-01-20T11:16:16 IST" duration-ms="6896" status="PASS">
          <reporter-output>
          </reporter-output>
        </test-method> <!-- registerButtonTest -->
        <test-method is-config="true" signature="getResult(org.testng.ITestResult)[pri:0, instance:com.nlt.test.EDXTest@865dd6]" started-at="2021-01-20T11:16:16 IST" name="getResult" finished-at="2021-01-20T11:16:16 IST" duration-ms="1" status="PASS">
          <params>
            <param index="0">
              <value>
                <![CDATA[[TestResult name=registerButtonTest status=SUCCESS method=EDXTest.registerButtonTest()[pri:2, instance:com.nlt.test.EDXTest@865dd6] output={null}]]]>
              </value>
            </param>
          </params>
          <reporter-output>
          </reporter-output>
        </test-method> <!-- getResult -->
        <test-method signature="registrationFormTest(java.lang.String, java.lang.String, java.lang.String, java.lang.String)[pri:3, instance:com.nlt.test.EDXTest@865dd6]" started-at="2021-01-20T11:16:17 IST" name="registrationFormTest" data-provider="test1Data" finished-at="2021-01-20T11:16:56 IST" duration-ms="38270" status="PASS">
          <params>
            <param index="0">
              <value>
                <![CDATA[ayu b wankar]]>
              </value>
            </param>
            <param index="1">
              <value>
                <![CDATA[ayu12345]]>
              </value>
            </param>
            <param index="2">
              <value>
                <![CDATA[ayu1234@gmail.com]]>
              </value>
            </param>
            <param index="3">
              <value>
                <![CDATA[ayu@123]]>
              </value>
            </param>
          </params>
          <reporter-output>
          </reporter-output>
        </test-method> <!-- registrationFormTest -->
        <test-method is-config="true" signature="getResult(org.testng.ITestResult)[pri:0, instance:com.nlt.test.EDXTest@865dd6]" started-at="2021-01-20T11:16:56 IST" name="getResult" finished-at="2021-01-20T11:16:56 IST" duration-ms="1" status="PASS">
          <params>
            <param index="0">
              <value>
                <![CDATA[[TestResult name=registrationFormTest status=SUCCESS method=EDXTest.registrationFormTest(java.lang.String, java.lang.String, java.lang.String, java.lang.String)[pri:3, instance:com.nlt.test.EDXTest@865dd6] output={null}]]]>
              </value>
            </param>
          </params>
          <reporter-output>
          </reporter-output>
        </test-method> <!-- getResult -->
        <test-method signature="registrationFormTest(java.lang.String, java.lang.String, java.lang.String, java.lang.String)[pri:3, instance:com.nlt.test.EDXTest@865dd6]" started-at="2021-01-20T11:16:56 IST" name="registrationFormTest" data-provider="test1Data" finished-at="2021-01-20T11:17:02 IST" duration-ms="6722" status="PASS">
          <params>
            <param index="0">
              <value>
                <![CDATA[rac Wankar]]>
              </value>
            </param>
            <param index="1">
              <value>
                <![CDATA[rac122345]]>
              </value>
            </param>
            <param index="2">
              <value>
                <![CDATA[rac1234@gmail.com]]>
              </value>
            </param>
            <param index="3">
              <value>
                <![CDATA[rac@123]]>
              </value>
            </param>
          </params>
          <reporter-output>
          </reporter-output>
        </test-method> <!-- registrationFormTest -->
        <test-method is-config="true" signature="getResult(org.testng.ITestResult)[pri:0, instance:com.nlt.test.EDXTest@865dd6]" started-at="2021-01-20T11:17:02 IST" name="getResult" finished-at="2021-01-20T11:17:02 IST" duration-ms="1" status="PASS">
          <params>
            <param index="0">
              <value>
                <![CDATA[[TestResult name=registrationFormTest status=SUCCESS method=EDXTest.registrationFormTest(java.lang.String, java.lang.String, java.lang.String, java.lang.String)[pri:3, instance:com.nlt.test.EDXTest@865dd6] output={null}]]]>
              </value>
            </param>
          </params>
          <reporter-output>
          </reporter-output>
        </test-method> <!-- getResult -->
        <test-method signature="loginTest(java.lang.String, java.lang.String)[pri:4, instance:com.nlt.test.EDXTest@865dd6]" started-at="2021-01-20T11:17:02 IST" name="loginTest" data-provider="test2Data" finished-at="2021-01-20T11:17:18 IST" duration-ms="15258" status="PASS">
          <params>
            <param index="0">
              <value>
                <![CDATA[rachana22wankar@gmail.com]]>
              </value>
            </param>
            <param index="1">
              <value>
                <![CDATA[rachana@123]]>
              </value>
            </param>
          </params>
          <reporter-output>
          </reporter-output>
        </test-method> <!-- loginTest -->
        <test-method is-config="true" signature="getResult(org.testng.ITestResult)[pri:0, instance:com.nlt.test.EDXTest@865dd6]" started-at="2021-01-20T11:17:18 IST" name="getResult" finished-at="2021-01-20T11:17:18 IST" duration-ms="1" status="PASS">
          <params>
            <param index="0">
              <value>
                <![CDATA[[TestResult name=loginTest status=SUCCESS method=EDXTest.loginTest(java.lang.String, java.lang.String)[pri:4, instance:com.nlt.test.EDXTest@865dd6] output={null}]]]>
              </value>
            </param>
          </params>
          <reporter-output>
          </reporter-output>
        </test-method> <!-- getResult -->
        <test-method is-config="true" signature="tearDownTest()[pri:0, instance:com.nlt.test.EDXTest@865dd6]" started-at="2021-01-20T11:17:18 IST" name="tearDownTest" finished-at="2021-01-20T11:17:19 IST" duration-ms="1048" status="PASS">
          <reporter-output>
          </reporter-output>
        </test-method> <!-- tearDownTest -->
        <test-method is-config="true" signature="tearDown()[pri:0, instance:com.nlt.test.EDXTest@865dd6]" started-at="2021-01-20T11:17:19 IST" name="tearDown" finished-at="2021-01-20T11:17:19 IST" duration-ms="491" status="PASS">
          <reporter-output>
          </reporter-output>
        </test-method> <!-- tearDown -->
      </class> <!-- com.nlt.test.EDXTest -->
    </test> <!-- Default test -->
  </suite> <!-- Default suite -->
</testng-results>
