<?xml version="1.0" encoding="UTF-8"?>
<testng-results ignored="0" total="3" passed="3" failed="0" skipped="0">
  <reporter-output>
  </reporter-output>
  <suite started-at="2021-01-18T15:46:39 IST" name="Suite" finished-at="2021-01-18T15:48:24 IST" duration-ms="105102">
    <groups>
    </groups>
    <test started-at="2021-01-18T15:46:39 IST" name="Test" finished-at="2021-01-18T15:48:24 IST" duration-ms="105102">
      <class name="com.nlt.test.EDXTest">
        <test-method is-config="true" signature="setUp()[pri:0, instance:com.nlt.test.EDXTest@1649b0e6]" started-at="2021-01-18T15:46:39 IST" name="setUp" finished-at="2021-01-18T15:46:39 IST" duration-ms="335" status="PASS">
          <reporter-output>
          </reporter-output>
        </test-method> <!-- setUp -->
        <test-method is-config="true" signature="DriverSetup()[pri:0, instance:com.nlt.test.EDXTest@1649b0e6]" started-at="2021-01-18T15:46:39 IST" name="DriverSetup" finished-at="2021-01-18T15:47:29 IST" duration-ms="49510" status="PASS">
          <reporter-output>
          </reporter-output>
        </test-method> <!-- DriverSetup -->
        <test-method signature="SearchTest()[pri:1, instance:com.nlt.test.EDXTest@1649b0e6]" started-at="2021-01-18T15:47:29 IST" name="SearchTest" finished-at="2021-01-18T15:47:34 IST" duration-ms="5208" status="PASS">
          <reporter-output>
          </reporter-output>
        </test-method> <!-- SearchTest -->
        <test-method is-config="true" signature="getResult(org.testng.ITestResult)[pri:0, instance:com.nlt.test.EDXTest@1649b0e6]" started-at="2021-01-18T15:47:34 IST" name="getResult" finished-at="2021-01-18T15:47:34 IST" duration-ms="20" status="PASS">
          <params>
            <param index="0">
              <value>
                <![CDATA[[TestResult name=SearchTest status=SUCCESS method=EDXTest.SearchTest()[pri:1, instance:com.nlt.test.EDXTest@1649b0e6] output={null}]]]>
              </value>
            </param>
          </params>
          <reporter-output>
          </reporter-output>
        </test-method> <!-- getResult -->
        <test-method signature="registrationFormTest(java.lang.String, java.lang.String, java.lang.String, java.lang.String)[pri:2, instance:com.nlt.test.EDXTest@1649b0e6]" started-at="2021-01-18T15:47:35 IST" name="registrationFormTest" data-provider="test1Data" finished-at="2021-01-18T15:48:08 IST" duration-ms="32806" status="PASS">
          <params>
            <param index="0">
              <value>
                <![CDATA[ayu b wankar]]>
              </value>
            </param>
            <param index="1">
              <value>
                <![CDATA[ayu12345]]>
              </value>
            </param>
            <param index="2">
              <value>
                <![CDATA[ayu1234@gmail.com]]>
              </value>
            </param>
            <param index="3">
              <value>
                <![CDATA[ayu@123]]>
              </value>
            </param>
          </params>
          <reporter-output>
          </reporter-output>
        </test-method> <!-- registrationFormTest -->
        <test-method is-config="true" signature="getResult(org.testng.ITestResult)[pri:0, instance:com.nlt.test.EDXTest@1649b0e6]" started-at="2021-01-18T15:48:08 IST" name="getResult" finished-at="2021-01-18T15:48:08 IST" duration-ms="1" status="PASS">
          <params>
            <param index="0">
              <value>
                <![CDATA[[TestResult name=registrationFormTest status=SUCCESS method=EDXTest.registrationFormTest(java.lang.String, java.lang.String, java.lang.String, java.lang.String)[pri:2, instance:com.nlt.test.EDXTest@1649b0e6] output={null}]]]>
              </value>
            </param>
          </params>
          <reporter-output>
          </reporter-output>
        </test-method> <!-- getResult -->
        <test-method signature="loginTest(java.lang.String, java.lang.String)[pri:3, instance:com.nlt.test.EDXTest@1649b0e6]" started-at="2021-01-18T15:48:08 IST" name="loginTest" data-provider="test2Data" finished-at="2021-01-18T15:48:23 IST" duration-ms="15689" status="PASS">
          <params>
            <param index="0">
              <value>
                <![CDATA[rachana22wankar@gmail.com]]>
              </value>
            </param>
            <param index="1">
              <value>
                <![CDATA[rachana@123]]>
              </value>
            </param>
          </params>
          <reporter-output>
          </reporter-output>
        </test-method> <!-- loginTest -->
        <test-method is-config="true" signature="getResult(org.testng.ITestResult)[pri:0, instance:com.nlt.test.EDXTest@1649b0e6]" started-at="2021-01-18T15:48:23 IST" name="getResult" finished-at="2021-01-18T15:48:23 IST" duration-ms="1" status="PASS">
          <params>
            <param index="0">
              <value>
                <![CDATA[[TestResult name=loginTest status=SUCCESS method=EDXTest.loginTest(java.lang.String, java.lang.String)[pri:3, instance:com.nlt.test.EDXTest@1649b0e6] output={null}]]]>
              </value>
            </param>
          </params>
          <reporter-output>
          </reporter-output>
        </test-method> <!-- getResult -->
        <test-method is-config="true" signature="tearDownTest()[pri:0, instance:com.nlt.test.EDXTest@1649b0e6]" started-at="2021-01-18T15:48:23 IST" name="tearDownTest" finished-at="2021-01-18T15:48:24 IST" duration-ms="955" status="PASS">
          <reporter-output>
          </reporter-output>
        </test-method> <!-- tearDownTest -->
        <test-method is-config="true" signature="tearDown()[pri:0, instance:com.nlt.test.EDXTest@1649b0e6]" started-at="2021-01-18T15:48:24 IST" name="tearDown" finished-at="2021-01-18T15:48:25 IST" duration-ms="418" status="PASS">
          <reporter-output>
          </reporter-output>
        </test-method> <!-- tearDown -->
      </class> <!-- com.nlt.test.EDXTest -->
    </test> <!-- Test -->
  </suite> <!-- Suite -->
</testng-results>
