<?xml version="1.0" encoding="UTF-8"?>
<!-- Generated by org.testng.reporters.JUnitXMLReporter -->
<testsuite ignored="0" hostname="DESKTOP-L2EFJL1" failures="0" tests="5" name="Default test" time="128.732" errors="0" timestamp="2021-01-20T11:17:19 IST">
  <testcase classname="com.nlt.test.EDXTest" name="SearchTest" time="1.323"/>
  <testcase classname="com.nlt.test.EDXTest" name="registerButtonTest" time="6.896"/>
  <testcase classname="com.nlt.test.EDXTest" name="registrationFormTest" time="38.27"/>
  <testcase classname="com.nlt.test.EDXTest" name="registrationFormTest" time="6.722"/>
  <testcase classname="com.nlt.test.EDXTest" name="loginTest" time="15.258"/>
</testsuite> <!-- Default test -->
