<?xml version="1.0" encoding="UTF-8"?>
<!-- Generated by org.testng.reporters.JUnitXMLReporter -->
<testsuite ignored="0" hostname="DESKTOP-L2EFJL1" failures="0" tests="3" name="Test" time="105.102" errors="0" timestamp="2021-01-18T15:48:24 IST">
  <testcase classname="com.nlt.test.EDXTest" name="SearchTest" time="5.208"/>
  <testcase classname="com.nlt.test.EDXTest" name="registrationFormTest" time="32.806"/>
  <testcase classname="com.nlt.test.EDXTest" name="loginTest" time="15.689"/>
</testsuite> <!-- Test -->
